<?xml version="1.0" encoding="UTF-8" ?>
<testsuite tests="2" failures="0" name="testcases.TestNumberOne" time="16.47" errors="0" skipped="0">
  <properties>
    <property name="java.runtime.name" value="OpenJDK Runtime Environment"/>
    <property name="sun.boot.library.path" value="C:\Program Files\Amazon Corretto\jdk1.8.0_282\jre\bin"/>
    <property name="java.vm.version" value="25.282-b08"/>
    <property name="java.vm.vendor" value="Amazon.com Inc."/>
    <property name="maven.multiModuleProjectDirectory" value="C:\Users\PSAdmin\eclipse-workspace\Selenium_PageObjectModel"/>
    <property name="java.vendor.url" value="https://aws.amazon.com/corretto/"/>
    <property name="path.separator" value=";"/>
    <property name="guice.disable.misplaced.annotation.check" value="true"/>
    <property name="java.vm.name" value="OpenJDK 64-Bit Server VM"/>
    <property name="file.encoding.pkg" value="sun.io"/>
    <property name="user.script" value=""/>
    <property name="user.country" value="US"/>
    <property name="sun.java.launcher" value="SUN_STANDARD"/>
    <property name="sun.os.patch.level" value=""/>
    <property name="java.vm.specification.name" value="Java Virtual Machine Specification"/>
    <property name="user.dir" value="C:\Users\PSAdmin\eclipse-workspace\Selenium_PageObjectModel"/>
    <property name="java.runtime.version" value="1.8.0_282-b08"/>
    <property name="java.awt.graphicsenv" value="sun.awt.Win32GraphicsEnvironment"/>
    <property name="java.endorsed.dirs" value="C:\Program Files\Amazon Corretto\jdk1.8.0_282\jre\lib\endorsed"/>
    <property name="os.arch" value="amd64"/>
    <property name="java.io.tmpdir" value="C:\Users\PSAdmin\AppData\Local\Temp\"/>
    <property name="line.separator" value="
"/>
    <property name="java.vm.specification.vendor" value="Oracle Corporation"/>
    <property name="user.variant" value=""/>
    <property name="os.name" value="Windows 10"/>
    <property name="classworlds.conf" value="C:\Users\PSAdmin\eclipse-workspace\.metadata\.plugins\org.eclipse.m2e.launching\launches\m2conf10260943754230966288.tmp"/>
    <property name="sun.jnu.encoding" value="Cp1252"/>
    <property name="java.library.path" value="C:\Program Files\Amazon Corretto\jdk1.8.0_282\bin;C:\WINDOWS\Sun\Java\bin;C:\WINDOWS\system32;C:\WINDOWS;C:/Users/PSAdmin/Downloads/eclipse-java-2021-03-R-win32-x86_64/eclipse//plugins/org.eclipse.justj.openjdk.hotspot.jre.full.win32.x86_64_15.0.2.v20210201-0955/jre/bin/server;C:/Users/PSAdmin/Downloads/eclipse-java-2021-03-R-win32-x86_64/eclipse//plugins/org.eclipse.justj.openjdk.hotspot.jre.full.win32.x86_64_15.0.2.v20210201-0955/jre/bin;C:\PROGRA~1\Java\jdk1.8.0_301\bin;C:\Users\PSAdmin\AppData\Roaming\Microsoft\Windows\Start Menu\Programs\Python 3.10;C:\Program Files\Git\bin;C:\Program Files\Git\cmd;C:\Windows\System32\;&quot;C:\WINDOWS\system32;C:\WINDOWS;C:\WINDOWS&quot;;C:\Program Files\Docker\Docker\resources\bin;C:\ProgramData\DockerDesktop\version-bin;C:\apache-maven\bin;C:\Users\PSAdmin\AppData\Local\Programs\Python\Python310\Scripts\;C:\Users\PSAdmin\AppData\Local\Programs\Python\Python310\;C:\Users\PSAdmin\AppData\Local\Microsoft\WindowsApps;C:\Program Files\eclipse;C:\PROGRA~1\Java\jdk1.8.0_301;C:\Program Files\JetBrains\IntelliJ IDEA 2021.2.1\bin;;C:\PROGRA~1\Java\jdk1.8.0_301\bin;C:\Program Files\Amazon Corretto\jdk1.8.0_282;C:\Program Files\Amazon Corretto\jdk1.8.0_282\bin;C:\Users\PSAdmin\AppData\Roaming\Microsoft\Windows\Start Menu\Programs\Python 3.10;C:\Windows\System32\curl.exe;C:\apache-maven\bin;C:\Program Files\TestProject Agent;C:\Users\PSAdmin\Downloads\eclipse-java-2021-03-R-win32-x86_64\eclipse;;."/>
    <property name="java.specification.name" value="Java Platform API Specification"/>
    <property name="java.class.version" value="52.0"/>
    <property name="sun.management.compiler" value="HotSpot 64-Bit Tiered Compilers"/>
    <property name="os.version" value="10.0"/>
    <property name="user.home" value="C:\Users\PSAdmin"/>
    <property name="user.timezone" value="America/New_York"/>
    <property name="java.awt.printerjob" value="sun.awt.windows.WPrinterJob"/>
    <property name="java.specification.version" value="1.8"/>
    <property name="file.encoding" value="Cp1252"/>
    <property name="user.name" value="PSAdmin"/>
    <property name="java.class.path" value="C:\Users\PSAdmin\Downloads\eclipse-java-2021-03-R-win32-x86_64\eclipse\plugins\org.eclipse.m2e.maven.runtime_1.16.0.20210129-0849\jars\plexus-classworlds-2.6.0.jar"/>
    <property name="java.vm.specification.version" value="1.8"/>
    <property name="sun.arch.data.model" value="64"/>
    <property name="java.home" value="C:\Program Files\Amazon Corretto\jdk1.8.0_282\jre"/>
    <property name="sun.java.command" value="org.codehaus.plexus.classworlds.launcher.Launcher -B install"/>
    <property name="java.specification.vendor" value="Oracle Corporation"/>
    <property name="user.language" value="en"/>
    <property name="awt.toolkit" value="sun.awt.windows.WToolkit"/>
    <property name="java.vm.info" value="mixed mode"/>
    <property name="java.version" value="1.8.0_282"/>
    <property name="java.ext.dirs" value="C:\Program Files\Amazon Corretto\jdk1.8.0_282\jre\lib\ext;C:\WINDOWS\Sun\Java\lib\ext"/>
    <property name="sun.boot.class.path" value="C:\Program Files\Amazon Corretto\jdk1.8.0_282\jre\lib\resources.jar;C:\Program Files\Amazon Corretto\jdk1.8.0_282\jre\lib\rt.jar;C:\Program Files\Amazon Corretto\jdk1.8.0_282\jre\lib\sunrsasign.jar;C:\Program Files\Amazon Corretto\jdk1.8.0_282\jre\lib\jsse.jar;C:\Program Files\Amazon Corretto\jdk1.8.0_282\jre\lib\jce.jar;C:\Program Files\Amazon Corretto\jdk1.8.0_282\jre\lib\charsets.jar;C:\Program Files\Amazon Corretto\jdk1.8.0_282\jre\lib\jfr.jar;C:\Program Files\Amazon Corretto\jdk1.8.0_282\jre\classes"/>
    <property name="java.vendor" value="Amazon.com Inc."/>
    <property name="maven.home" value="C:\Users\PSAdmin\eclipse-workspace\Selenium_PageObjectModel\EMBEDDED"/>
    <property name="file.separator" value="\"/>
    <property name="java.vendor.url.bug" value="https://github.com/corretto/corretto-8/issues/"/>
    <property name="sun.cpu.endian" value="little"/>
    <property name="sun.io.unicode.encoding" value="UnicodeLittle"/>
    <property name="sun.desktop" value="windows"/>
    <property name="sun.cpu.isalist" value="amd64"/>
  </properties>
  <testcase classname="testcases.TestNumberOne" name="navigate_to_homepage_click_on_getstarted" time="6"/>
  <testcase classname="testcases.TestNumberOne" name="enter_userDetails" time="10.47"/>
</testsuite>