<?xml version="1.0" encoding="UTF-8"?>
<!-- Generated by org.testng.reporters.JUnitReportReporter -->
<testsuite hostname="DESKTOP-7ISONQV" name="testcases.TestNumberOne" tests="2" failures="0" timestamp="5 May 2022 19:05:32 GMT" time="15.506" errors="0">
  <testcase name="navigate_to_homepage_click_on_getstarted" time="4.782" classname="testcases.TestNumberOne"/>
  <testcase name="enter_userDetails" time="10.724" classname="testcases.TestNumberOne"/>
</testsuite> <!-- testcases.TestNumberOne -->
