<?xml version="1.0" encoding="UTF-8"?>
<!-- Generated by org.testng.reporters.JUnitReportReporter -->
<testsuite hostname="DESKTOP-7ISONQV" name="testcases.TestNumberOne" tests="2" failures="0" timestamp="15 May 2022 02:05:06 GMT" time="16.471" errors="0">
  <testcase name="navigate_to_homepage_click_on_getstarted" time="5.999" classname="testcases.TestNumberOne"/>
  <testcase name="enter_userDetails" time="10.472" classname="testcases.TestNumberOne"/>
</testsuite> <!-- testcases.TestNumberOne -->
